type=AVC msg=audit(1323750307.095:34): avc:  denied  { append } for  pid=1082 comm="restorecon" path="/opt/vmware-tools-installer/vmware-tools-upgrader.log" dev=sda2 ino=805225 scontext=system_u:system_r:setfiles_t:s0 tcontext=system_u:object_r:iso9660_t:s0 tclass=file
type=AVC msg=audit(1323750331.063:35): avc:  denied  { read } for  pid=1146 comm="consoletype" path="/opt/vmware-tools-installer/vmware-tools-upgrader.log" dev=sda2 ino=805225 scontext=system_u:system_r:consoletype_t:s0 tcontext=system_u:object_r:iso9660_t:s0 tclass=file
type=AVC msg=audit(1323750331.063:35): avc:  denied  { append } for  pid=1146 comm="consoletype" path="/opt/vmware-tools-installer/vmware-tools-upgrader.log" dev=sda2 ino=805225 scontext=system_u:system_r:consoletype_t:s0 tcontext=system_u:object_r:iso9660_t:s0 tclass=file
type=AVC msg=audit(1323750331.066:36): avc:  denied  { getattr } for  pid=1146 comm="consoletype" path="/opt/vmware-tools-installer/vmware-tools-upgrader.log" dev=sda2 ino=805225 scontext=system_u:system_r:consoletype_t:s0 tcontext=system_u:object_r:iso9660_t:s0 tclass=file
type=AVC msg=audit(1323750331.066:37): avc:  denied  { ioctl } for  pid=1146 comm="consoletype" path="/opt/vmware-tools-installer/vmware-tools-upgrader.log" dev=sda2 ino=805225 scontext=system_u:system_r:consoletype_t:s0 tcontext=system_u:object_r:iso9660_t:s0 tclass=file
type=AVC msg=audit(1323750417.975:38): avc:  denied  { append } for  pid=3225 comm="pulseaudio" path="/opt/vmware-tools-installer/vmware-tools-upgrader.log" dev=sda2 ino=805225 scontext=system_u:system_r:pulseaudio_t:s0 tcontext=system_u:object_r:iso9660_t:s0 tclass=file
type=AVC msg=audit(1323750517.651:39): avc:  denied  { read } for  pid=15349 comm="consoletype" path="/opt/vmware-tools-installer/vmware-tools-upgrader.log" dev=sda2 ino=805225 scontext=system_u:system_r:consoletype_t:s0 tcontext=system_u:object_r:iso9660_t:s0 tclass=file
type=AVC msg=audit(1323750517.651:39): avc:  denied  { append } for  pid=15349 comm="consoletype" path="/opt/vmware-tools-installer/vmware-tools-upgrader.log" dev=sda2 ino=805225 scontext=system_u:system_r:consoletype_t:s0 tcontext=system_u:object_r:iso9660_t:s0 tclass=file
type=AVC msg=audit(1323750517.673:40): avc:  denied  { getattr } for  pid=15349 comm="consoletype" path="/opt/vmware-tools-installer/vmware-tools-upgrader.log" dev=sda2 ino=805225 scontext=system_u:system_r:consoletype_t:s0 tcontext=system_u:object_r:iso9660_t:s0 tclass=file
type=AVC msg=audit(1323750517.674:41): avc:  denied  { ioctl } for  pid=15349 comm="consoletype" path="/opt/vmware-tools-installer/vmware-tools-upgrader.log" dev=sda2 ino=805225 scontext=system_u:system_r:consoletype_t:s0 tcontext=system_u:object_r:iso9660_t:s0 tclass=file
type=AVC msg=audit(1323730720.843:43): avc:  denied  { append } for  pid=15757 comm="restorecon" path="/opt/vmware-tools-installer/vmware-tools-upgrader.log" dev=sda2 ino=805225 scontext=system_u:system_r:setfiles_t:s0 tcontext=system_u:object_r:iso9660_t:s0 tclass=file
type=AVC msg=audit(1323814711.078:72): avc:  denied  { read } for  pid=1869 comm="updatedb" name="updatedb.conf" dev=sda2 ino=395127 scontext=system_u:system_r:locate_t:s0-s0:c0.c1023 tcontext=system_u:object_r:initrc_tmp_t:s0 tclass=file
type=AVC msg=audit(1324152485.938:62): avc:  denied  { read } for  pid=2414 comm="updatedb" name="updatedb.conf" dev=sda2 ino=395127 scontext=system_u:system_r:locate_t:s0-s0:c0.c1023 tcontext=system_u:object_r:initrc_tmp_t:s0 tclass=file
type=AVC msg=audit(1324233665.444:55): avc:  denied  { read } for  pid=2235 comm="updatedb" name="updatedb.conf" dev=sda2 ino=395127 scontext=system_u:system_r:locate_t:s0-s0:c0.c1023 tcontext=system_u:object_r:initrc_tmp_t:s0 tclass=file
type=AVC msg=audit(1324319031.586:62): avc:  denied  { read } for  pid=2249 comm="updatedb" name="updatedb.conf" dev=sda2 ino=395127 scontext=system_u:system_r:locate_t:s0-s0:c0.c1023 tcontext=system_u:object_r:initrc_tmp_t:s0 tclass=file
type=AVC msg=audit(1324394828.739:85): avc:  denied  { read } for  pid=2422 comm="updatedb" name="updatedb.conf" dev=sda2 ino=395127 scontext=system_u:system_r:locate_t:s0-s0:c0.c1023 tcontext=system_u:object_r:initrc_tmp_t:s0 tclass=file
type=AVC msg=audit(1324406840.982:99): avc:  denied  { read } for  pid=3329 comm="systemctl" name="system" dev=tmpfs ino=7901 scontext=system_u:system_r:gnomeclock_systemctl_t:s0-s0:c0.c1023 tcontext=system_u:object_r:init_var_run_t:s0 tclass=dir
type=AVC msg=audit(1324431369.443:271): avc:  denied  { read } for  pid=4517 comm="updatedb" name="updatedb.conf" dev=sda2 ino=395127 scontext=system_u:system_r:locate_t:s0-s0:c0.c1023 tcontext=system_u:object_r:initrc_tmp_t:s0 tclass=file
type=AVC msg=audit(1324507357.435:299): avc:  denied  { read } for  pid=5297 comm="updatedb" name="updatedb.conf" dev=sda2 ino=395127 scontext=system_u:system_r:locate_t:s0-s0:c0.c1023 tcontext=system_u:object_r:initrc_tmp_t:s0 tclass=file
type=AVC msg=audit(1324655225.755:67): avc:  denied  { read } for  pid=2209 comm="updatedb" name="updatedb.conf" dev=sda2 ino=395127 scontext=system_u:system_r:locate_t:s0-s0:c0.c1023 tcontext=system_u:object_r:initrc_tmp_t:s0 tclass=file
type=AVC msg=audit(1325421823.345:61): avc:  denied  { read } for  pid=2164 comm="updatedb" name="updatedb.conf" dev=sda2 ino=395127 scontext=system_u:system_r:locate_t:s0-s0:c0.c1023 tcontext=system_u:object_r:initrc_tmp_t:s0 tclass=file
type=AVC msg=audit(1327186872.697:69): avc:  denied  { read } for  pid=10370 comm="updatedb" name="updatedb.conf" dev=sda2 ino=395127 scontext=system_u:system_r:locate_t:s0-s0:c0.c1023 tcontext=system_u:object_r:initrc_tmp_t:s0 tclass=file
type=AVC msg=audit(1327418173.325:70): avc:  denied  { read } for  pid=2270 comm="updatedb" name="updatedb.conf" dev=sda2 ino=395127 scontext=system_u:system_r:locate_t:s0-s0:c0.c1023 tcontext=system_u:object_r:initrc_tmp_t:s0 tclass=file
type=AVC msg=audit(1328702228.970:71): avc:  denied  { read } for  pid=2980 comm="updatedb" name="updatedb.conf" dev=sda2 ino=395127 scontext=system_u:system_r:locate_t:s0-s0:c0.c1023 tcontext=system_u:object_r:initrc_tmp_t:s0 tclass=file
type=AVC msg=audit(1328790965.403:62): avc:  denied  { read } for  pid=2088 comm="updatedb" name="updatedb.conf" dev=sda2 ino=395127 scontext=system_u:system_r:locate_t:s0-s0:c0.c1023 tcontext=system_u:object_r:initrc_tmp_t:s0 tclass=file
type=AVC msg=audit(1328875388.979:85): avc:  denied  { read } for  pid=3916 comm="updatedb" name="updatedb.conf" dev=sda2 ino=395127 scontext=system_u:system_r:locate_t:s0-s0:c0.c1023 tcontext=system_u:object_r:initrc_tmp_t:s0 tclass=file
type=AVC msg=audit(1329155778.727:66): avc:  denied  { mmap_zero } for  pid=2907 comm="wine-preloader" scontext=unconfined_u:unconfined_r:wine_t:s0-s0:c0.c1023 tcontext=unconfined_u:unconfined_r:wine_t:s0-s0:c0.c1023 tclass=memprotect
type=AVC msg=audit(1329155778.746:67): avc:  denied  { mmap_zero } for  pid=2913 comm="wine-preloader" scontext=unconfined_u:unconfined_r:wine_t:s0-s0:c0.c1023 tcontext=unconfined_u:unconfined_r:wine_t:s0-s0:c0.c1023 tclass=memprotect
type=AVC msg=audit(1329155778.860:68): avc:  denied  { mmap_zero } for  pid=2915 comm="wine-preloader" scontext=unconfined_u:unconfined_r:wine_t:s0-s0:c0.c1023 tcontext=unconfined_u:unconfined_r:wine_t:s0-s0:c0.c1023 tclass=memprotect
type=AVC msg=audit(1329155778.878:69): avc:  denied  { mmap_zero } for  pid=2919 comm="wine-preloader" scontext=unconfined_u:unconfined_r:wine_t:s0-s0:c0.c1023 tcontext=unconfined_u:unconfined_r:wine_t:s0-s0:c0.c1023 tclass=memprotect
type=AVC msg=audit(1329155780.791:70): avc:  denied  { mmap_zero } for  pid=2921 comm="wine-preloader" scontext=unconfined_u:unconfined_r:wine_t:s0-s0:c0.c1023 tcontext=unconfined_u:unconfined_r:wine_t:s0-s0:c0.c1023 tclass=memprotect
type=AVC msg=audit(1329155780.801:71): avc:  denied  { mmap_zero } for  pid=2923 comm="wine-preloader" scontext=unconfined_u:unconfined_r:wine_t:s0-s0:c0.c1023 tcontext=unconfined_u:unconfined_r:wine_t:s0-s0:c0.c1023 tclass=memprotect
type=AVC msg=audit(1329155786.376:72): avc:  denied  { mmap_zero } for  pid=2925 comm="wine-preloader" scontext=unconfined_u:unconfined_r:wine_t:s0-s0:c0.c1023 tcontext=unconfined_u:unconfined_r:wine_t:s0-s0:c0.c1023 tclass=memprotect
type=AVC msg=audit(1329155802.434:73): avc:  denied  { mmap_zero } for  pid=2929 comm="wine-preloader" scontext=unconfined_u:unconfined_r:wine_t:s0-s0:c0.c1023 tcontext=unconfined_u:unconfined_r:wine_t:s0-s0:c0.c1023 tclass=memprotect
type=AVC msg=audit(1329155988.849:74): avc:  denied  { mmap_zero } for  pid=2953 comm="wine-preloader" scontext=unconfined_u:unconfined_r:wine_t:s0-s0:c0.c1023 tcontext=unconfined_u:unconfined_r:wine_t:s0-s0:c0.c1023 tclass=memprotect
type=AVC msg=audit(1329155989.042:75): avc:  denied  { mmap_zero } for  pid=2959 comm="wine-preloader" scontext=unconfined_u:unconfined_r:wine_t:s0-s0:c0.c1023 tcontext=unconfined_u:unconfined_r:wine_t:s0-s0:c0.c1023 tclass=memprotect
type=AVC msg=audit(1329214692.869:150): avc:  denied  { read } for  pid=5922 comm="updatedb" name="updatedb.conf" dev=sda2 ino=395127 scontext=system_u:system_r:locate_t:s0-s0:c0.c1023 tcontext=system_u:object_r:initrc_tmp_t:s0 tclass=file
type=AVC msg=audit(1329432731.050:110): avc:  denied  { read } for  pid=5000 comm="updatedb" name="updatedb.conf" dev=sda2 ino=395127 scontext=system_u:system_r:locate_t:s0-s0:c0.c1023 tcontext=system_u:object_r:initrc_tmp_t:s0 tclass=file
type=AVC msg=audit(1329516727.703:97): avc:  denied  { read } for  pid=5005 comm="updatedb" name="updatedb.conf" dev=sda2 ino=395127 scontext=system_u:system_r:locate_t:s0-s0:c0.c1023 tcontext=system_u:object_r:initrc_tmp_t:s0 tclass=file
type=AVC msg=audit(1329584688.388:139): avc:  denied  { read } for  pid=7325 comm="newaliases" path="/home/navneet" dev=sda2 ino=145509 scontext=unconfined_u:system_r:system_mail_t:s0-s0:c0.c1023 tcontext=unconfined_u:object_r:user_home_dir_t:s0 tclass=dir
type=AVC msg=audit(1329584688.388:139): avc:  denied  { read } for  pid=7325 comm="newaliases" path="/home/navneet" dev=sda2 ino=145509 scontext=unconfined_u:system_r:system_mail_t:s0-s0:c0.c1023 tcontext=unconfined_u:object_r:user_home_dir_t:s0 tclass=dir
type=AVC msg=audit(1329653193.988:247): avc:  denied  { read } for  pid=24930 comm="updatedb" name="updatedb.conf" dev=sda2 ino=395127 scontext=system_u:system_r:locate_t:s0-s0:c0.c1023 tcontext=system_u:object_r:initrc_tmp_t:s0 tclass=file
type=AVC msg=audit(1329689227.082:284): avc:  denied  { read } for  pid=29788 comm="updatedb" name="updatedb.conf" dev=sda2 ino=395127 scontext=system_u:system_r:locate_t:s0-s0:c0.c1023 tcontext=system_u:object_r:initrc_tmp_t:s0 tclass=file
type=AVC msg=audit(1329982574.697:393): avc:  denied  { read } for  pid=1724 comm="updatedb" name="updatedb.conf" dev=sda2 ino=395127 scontext=system_u:system_r:locate_t:s0-s0:c0.c1023 tcontext=system_u:object_r:initrc_tmp_t:s0 tclass=file
type=AVC msg=audit(1330350049.734:471): avc:  denied  { mmap_zero } for  pid=31388 comm="wine-preloader" scontext=unconfined_u:unconfined_r:wine_t:s0-s0:c0.c1023 tcontext=unconfined_u:unconfined_r:wine_t:s0-s0:c0.c1023 tclass=memprotect
type=AVC msg=audit(1330350050.354:472): avc:  denied  { mmap_zero } for  pid=31396 comm="wine-preloader" scontext=unconfined_u:unconfined_r:wine_t:s0-s0:c0.c1023 tcontext=unconfined_u:unconfined_r:wine_t:s0-s0:c0.c1023 tclass=memprotect
type=AVC msg=audit(1330350050.546:473): avc:  denied  { mmap_zero } for  pid=31398 comm="wine-preloader" scontext=unconfined_u:unconfined_r:wine_t:s0-s0:c0.c1023 tcontext=unconfined_u:unconfined_r:wine_t:s0-s0:c0.c1023 tclass=memprotect
type=AVC msg=audit(1330350050.612:474): avc:  denied  { mmap_zero } for  pid=31400 comm="wine-preloader" scontext=unconfined_u:unconfined_r:wine_t:s0-s0:c0.c1023 tcontext=unconfined_u:unconfined_r:wine_t:s0-s0:c0.c1023 tclass=memprotect
type=AVC msg=audit(1330350050.940:475): avc:  denied  { mmap_zero } for  pid=31404 comm="wine-preloader" scontext=unconfined_u:unconfined_r:wine_t:s0-s0:c0.c1023 tcontext=unconfined_u:unconfined_r:wine_t:s0-s0:c0.c1023 tclass=memprotect
type=AVC msg=audit(1330350051.352:476): avc:  denied  { mmap_zero } for  pid=31413 comm="wine-preloader" scontext=unconfined_u:unconfined_r:wine_t:s0-s0:c0.c1023 tcontext=unconfined_u:unconfined_r:wine_t:s0-s0:c0.c1023 tclass=memprotect
type=AVC msg=audit(1330350056.294:477): avc:  denied  { mmap_zero } for  pid=31420 comm="wine-preloader" scontext=unconfined_u:unconfined_r:wine_t:s0-s0:c0.c1023 tcontext=unconfined_u:unconfined_r:wine_t:s0-s0:c0.c1023 tclass=memprotect
type=AVC msg=audit(1330352357.447:478): avc:  denied  { read } for  pid=31799 comm="updatedb" name="updatedb.conf" dev=sda2 ino=395127 scontext=system_u:system_r:locate_t:s0-s0:c0.c1023 tcontext=system_u:object_r:initrc_tmp_t:s0 tclass=file
type=AVC msg=audit(1330779615.621:618): avc:  denied  { read } for  pid=6527 comm="updatedb" name="updatedb.conf" dev=sda2 ino=395127 scontext=system_u:system_r:locate_t:s0-s0:c0.c1023 tcontext=system_u:object_r:initrc_tmp_t:s0 tclass=file
type=AVC msg=audit(1330984388.135:77): avc:  denied  { mmap_zero } for  pid=3176 comm="wine-preloader" scontext=unconfined_u:unconfined_r:wine_t:s0-s0:c0.c1023 tcontext=unconfined_u:unconfined_r:wine_t:s0-s0:c0.c1023 tclass=memprotect
type=AVC msg=audit(1330984388.654:78): avc:  denied  { mmap_zero } for  pid=3183 comm="wine-preloader" scontext=unconfined_u:unconfined_r:wine_t:s0-s0:c0.c1023 tcontext=unconfined_u:unconfined_r:wine_t:s0-s0:c0.c1023 tclass=memprotect
type=AVC msg=audit(1330984388.836:79): avc:  denied  { mmap_zero } for  pid=3185 comm="wine-preloader" scontext=unconfined_u:unconfined_r:wine_t:s0-s0:c0.c1023 tcontext=unconfined_u:unconfined_r:wine_t:s0-s0:c0.c1023 tclass=memprotect
type=AVC msg=audit(1330984388.892:80): avc:  denied  { mmap_zero } for  pid=3187 comm="wine-preloader" scontext=unconfined_u:unconfined_r:wine_t:s0-s0:c0.c1023 tcontext=unconfined_u:unconfined_r:wine_t:s0-s0:c0.c1023 tclass=memprotect
type=AVC msg=audit(1330984389.263:81): avc:  denied  { mmap_zero } for  pid=3191 comm="wine-preloader" scontext=unconfined_u:unconfined_r:wine_t:s0-s0:c0.c1023 tcontext=unconfined_u:unconfined_r:wine_t:s0-s0:c0.c1023 tclass=memprotect
type=AVC msg=audit(1330984389.696:82): avc:  denied  { mmap_zero } for  pid=3198 comm="wine-preloader" scontext=unconfined_u:unconfined_r:wine_t:s0-s0:c0.c1023 tcontext=unconfined_u:unconfined_r:wine_t:s0-s0:c0.c1023 tclass=memprotect
type=AVC msg=audit(1330984391.971:83): avc:  denied  { mmap_zero } for  pid=3206 comm="wine-preloader" scontext=unconfined_u:unconfined_r:wine_t:s0-s0:c0.c1023 tcontext=unconfined_u:unconfined_r:wine_t:s0-s0:c0.c1023 tclass=memprotect
type=AVC msg=audit(1331619925.154:84): avc:  denied  { read } for  pid=3398 comm="updatedb" name="updatedb.conf" dev=sda2 ino=395127 scontext=system_u:system_r:locate_t:s0-s0:c0.c1023 tcontext=system_u:object_r:initrc_tmp_t:s0 tclass=file
type=AVC msg=audit(1331621713.371:97): avc:  denied  { read } for  pid=18415 comm="updatedb" name="updatedb.conf" dev=sda2 ino=395127 scontext=system_u:system_r:locate_t:s0-s0:c0.c1023 tcontext=system_u:object_r:initrc_tmp_t:s0 tclass=file
type=AVC msg=audit(1332143711.588:130): avc:  denied  { read } for  pid=3832 comm="updatedb" name="updatedb.conf" dev=sda2 ino=395127 scontext=system_u:system_r:locate_t:s0-s0:c0.c1023 tcontext=system_u:object_r:initrc_tmp_t:s0 tclass=file
type=AVC msg=audit(1332147657.025:66): avc:  denied  { mmap_zero } for  pid=2261 comm="wine-preloader" scontext=unconfined_u:unconfined_r:wine_t:s0-s0:c0.c1023 tcontext=unconfined_u:unconfined_r:wine_t:s0-s0:c0.c1023 tclass=memprotect
type=AVC msg=audit(1332147657.510:67): avc:  denied  { mmap_zero } for  pid=2268 comm="wine-preloader" scontext=unconfined_u:unconfined_r:wine_t:s0-s0:c0.c1023 tcontext=unconfined_u:unconfined_r:wine_t:s0-s0:c0.c1023 tclass=memprotect
type=AVC msg=audit(1332147657.617:68): avc:  denied  { mmap_zero } for  pid=2270 comm="wine-preloader" scontext=unconfined_u:unconfined_r:wine_t:s0-s0:c0.c1023 tcontext=unconfined_u:unconfined_r:wine_t:s0-s0:c0.c1023 tclass=memprotect
type=AVC msg=audit(1332147657.739:69): avc:  denied  { mmap_zero } for  pid=2272 comm="wine-preloader" scontext=unconfined_u:unconfined_r:wine_t:s0-s0:c0.c1023 tcontext=unconfined_u:unconfined_r:wine_t:s0-s0:c0.c1023 tclass=memprotect
type=AVC msg=audit(1332147658.241:70): avc:  denied  { mmap_zero } for  pid=2276 comm="wine-preloader" scontext=unconfined_u:unconfined_r:wine_t:s0-s0:c0.c1023 tcontext=unconfined_u:unconfined_r:wine_t:s0-s0:c0.c1023 tclass=memprotect
type=AVC msg=audit(1332147658.454:71): avc:  denied  { mmap_zero } for  pid=2283 comm="wine-preloader" scontext=unconfined_u:unconfined_r:wine_t:s0-s0:c0.c1023 tcontext=unconfined_u:unconfined_r:wine_t:s0-s0:c0.c1023 tclass=memprotect
type=AVC msg=audit(1332147661.127:72): avc:  denied  { mmap_zero } for  pid=2294 comm="wine-preloader" scontext=unconfined_u:unconfined_r:wine_t:s0-s0:c0.c1023 tcontext=unconfined_u:unconfined_r:wine_t:s0-s0:c0.c1023 tclass=memprotect
type=AVC msg=audit(1332696615.487:136): avc:  denied  { mmap_zero } for  pid=7636 comm="wine-preloader" scontext=unconfined_u:unconfined_r:wine_t:s0-s0:c0.c1023 tcontext=unconfined_u:unconfined_r:wine_t:s0-s0:c0.c1023 tclass=memprotect
type=AVC msg=audit(1332696615.964:137): avc:  denied  { mmap_zero } for  pid=7644 comm="wine-preloader" scontext=unconfined_u:unconfined_r:wine_t:s0-s0:c0.c1023 tcontext=unconfined_u:unconfined_r:wine_t:s0-s0:c0.c1023 tclass=memprotect
type=AVC msg=audit(1332696616.734:138): avc:  denied  { mmap_zero } for  pid=7646 comm="wine-preloader" scontext=unconfined_u:unconfined_r:wine_t:s0-s0:c0.c1023 tcontext=unconfined_u:unconfined_r:wine_t:s0-s0:c0.c1023 tclass=memprotect
type=AVC msg=audit(1332696617.225:139): avc:  denied  { mmap_zero } for  pid=7648 comm="wine-preloader" scontext=unconfined_u:unconfined_r:wine_t:s0-s0:c0.c1023 tcontext=unconfined_u:unconfined_r:wine_t:s0-s0:c0.c1023 tclass=memprotect
type=AVC msg=audit(1332696618.005:140): avc:  denied  { mmap_zero } for  pid=7652 comm="wine-preloader" scontext=unconfined_u:unconfined_r:wine_t:s0-s0:c0.c1023 tcontext=unconfined_u:unconfined_r:wine_t:s0-s0:c0.c1023 tclass=memprotect
type=AVC msg=audit(1332696618.526:141): avc:  denied  { mmap_zero } for  pid=7661 comm="wine-preloader" scontext=unconfined_u:unconfined_r:wine_t:s0-s0:c0.c1023 tcontext=unconfined_u:unconfined_r:wine_t:s0-s0:c0.c1023 tclass=memprotect
type=AVC msg=audit(1332696621.168:142): avc:  denied  { mmap_zero } for  pid=7668 comm="wine-preloader" scontext=unconfined_u:unconfined_r:wine_t:s0-s0:c0.c1023 tcontext=unconfined_u:unconfined_r:wine_t:s0-s0:c0.c1023 tclass=memprotect
type=AVC msg=audit(1332696621.553:143): avc:  denied  { mmap_zero } for  pid=7670 comm="wine-preloader" scontext=unconfined_u:unconfined_r:wine_t:s0-s0:c0.c1023 tcontext=unconfined_u:unconfined_r:wine_t:s0-s0:c0.c1023 tclass=memprotect
type=AVC msg=audit(1332696673.620:151): avc:  denied  { read } for  pid=7849 comm="updatedb" name="updatedb.conf" dev=sda2 ino=395127 scontext=system_u:system_r:locate_t:s0-s0:c0.c1023 tcontext=system_u:object_r:initrc_tmp_t:s0 tclass=file
type=AVC msg=audit(1332874404.509:194): avc:  denied  { mmap_zero } for  pid=12314 comm="wine-preloader" scontext=unconfined_u:unconfined_r:wine_t:s0-s0:c0.c1023 tcontext=unconfined_u:unconfined_r:wine_t:s0-s0:c0.c1023 tclass=memprotect
type=AVC msg=audit(1332874404.984:195): avc:  denied  { mmap_zero } for  pid=12322 comm="wine-preloader" scontext=unconfined_u:unconfined_r:wine_t:s0-s0:c0.c1023 tcontext=unconfined_u:unconfined_r:wine_t:s0-s0:c0.c1023 tclass=memprotect
type=AVC msg=audit(1332874405.086:196): avc:  denied  { mmap_zero } for  pid=12324 comm="wine-preloader" scontext=unconfined_u:unconfined_r:wine_t:s0-s0:c0.c1023 tcontext=unconfined_u:unconfined_r:wine_t:s0-s0:c0.c1023 tclass=memprotect
type=AVC msg=audit(1332874405.178:197): avc:  denied  { mmap_zero } for  pid=12326 comm="wine-preloader" scontext=unconfined_u:unconfined_r:wine_t:s0-s0:c0.c1023 tcontext=unconfined_u:unconfined_r:wine_t:s0-s0:c0.c1023 tclass=memprotect
type=AVC msg=audit(1332874405.462:198): avc:  denied  { mmap_zero } for  pid=12330 comm="wine-preloader" scontext=unconfined_u:unconfined_r:wine_t:s0-s0:c0.c1023 tcontext=unconfined_u:unconfined_r:wine_t:s0-s0:c0.c1023 tclass=memprotect
type=AVC msg=audit(1332874405.969:199): avc:  denied  { mmap_zero } for  pid=12339 comm="wine-preloader" scontext=unconfined_u:unconfined_r:wine_t:s0-s0:c0.c1023 tcontext=unconfined_u:unconfined_r:wine_t:s0-s0:c0.c1023 tclass=memprotect
type=AVC msg=audit(1332874408.412:200): avc:  denied  { mmap_zero } for  pid=12345 comm="wine-preloader" scontext=unconfined_u:unconfined_r:wine_t:s0-s0:c0.c1023 tcontext=unconfined_u:unconfined_r:wine_t:s0-s0:c0.c1023 tclass=memprotect
type=AVC msg=audit(1334066786.847:236): avc:  denied  { read } for  pid=26101 comm="updatedb" name="updatedb.conf" dev=sda2 ino=395127 scontext=system_u:system_r:locate_t:s0-s0:c0.c1023 tcontext=system_u:object_r:initrc_tmp_t:s0 tclass=file
type=AVC msg=audit(1334152031.679:66): avc:  denied  { read } for  pid=3051 comm="updatedb" name="updatedb.conf" dev=sda2 ino=395127 scontext=system_u:system_r:locate_t:s0-s0:c0.c1023 tcontext=system_u:object_r:initrc_tmp_t:s0 tclass=file
type=AVC msg=audit(1334221333.617:127): avc:  denied  { read } for  pid=12362 comm="updatedb" name="updatedb.conf" dev=sda2 ino=395127 scontext=system_u:system_r:locate_t:s0-s0:c0.c1023 tcontext=system_u:object_r:initrc_tmp_t:s0 tclass=file
type=AVC msg=audit(1334994911.988:218): avc:  denied  { read } for  pid=20844 comm="updatedb" name="updatedb.conf" dev=sda2 ino=395127 scontext=system_u:system_r:locate_t:s0-s0:c0.c1023 tcontext=system_u:object_r:initrc_tmp_t:s0 tclass=file
type=AVC msg=audit(1335167531.608:234): avc:  denied  { read } for  pid=21802 comm="updatedb" name="updatedb.conf" dev=sda2 ino=395127 scontext=system_u:system_r:locate_t:s0-s0:c0.c1023 tcontext=system_u:object_r:initrc_tmp_t:s0 tclass=file
type=AVC msg=audit(1335792879.930:289): avc:  denied  { read } for  pid=4199 comm="updatedb" name="updatedb.conf" dev=sda2 ino=395127 scontext=system_u:system_r:locate_t:s0-s0:c0.c1023 tcontext=system_u:object_r:initrc_tmp_t:s0 tclass=file
type=AVC msg=audit(1336038435.394:308): avc:  denied  { read } for  pid=8155 comm="updatedb" name="updatedb.conf" dev=sda2 ino=395127 scontext=system_u:system_r:locate_t:s0-s0:c0.c1023 tcontext=system_u:object_r:initrc_tmp_t:s0 tclass=file
type=AVC msg=audit(1336119305.356:340): avc:  denied  { read } for  pid=9591 comm="updatedb" name="updatedb.conf" dev=sda2 ino=395127 scontext=system_u:system_r:locate_t:s0-s0:c0.c1023 tcontext=system_u:object_r:initrc_tmp_t:s0 tclass=file
type=AVC msg=audit(1336222924.715:393): avc:  denied  { read } for  pid=11523 comm="updatedb" name="updatedb.conf" dev=sda2 ino=395127 scontext=system_u:system_r:locate_t:s0-s0:c0.c1023 tcontext=system_u:object_r:initrc_tmp_t:s0 tclass=file
type=AVC msg=audit(1344586592.639:461): avc:  denied  { read } for  pid=13963 comm="updatedb" name="updatedb.conf" dev=sda2 ino=395127 scontext=system_u:system_r:locate_t:s0-s0:c0.c1023 tcontext=system_u:object_r:initrc_tmp_t:s0 tclass=file
type=AVC msg=audit(1344612712.787:504): avc:  denied  { read } for  pid=17628 comm="updatedb" name="updatedb.conf" dev=sda2 ino=395127 scontext=system_u:system_r:locate_t:s0-s0:c0.c1023 tcontext=system_u:object_r:initrc_tmp_t:s0 tclass=file
type=AVC msg=audit(1371906659.717:140): avc:  denied  { read } for  pid=25147 comm="updatedb" name="updatedb.conf" dev="sda2" ino=395127 scontext=system_u:system_r:locate_t:s0-s0:c0.c1023 tcontext=system_u:object_r:initrc_tmp_t:s0 tclass=file
type=AVC msg=audit(1388968824.571:63): avc:  denied  { read } for  pid=22940 comm="updatedb" name="updatedb.conf" dev="sda2" ino=395127 scontext=system_u:system_r:locate_t:s0-s0:c0.c1023 tcontext=system_u:object_r:initrc_tmp_t:s0 tclass=file
type=AVC msg=audit(1399490239.579:98): avc:  denied  { getattr } for  pid=25546 comm="httpd" path="/var/www/html/index.html" dev="sda2" ino=262846 scontext=system_u:system_r:httpd_t:s0 tcontext=unconfined_u:object_r:admin_home_t:s0 tclass=file
type=AVC msg=audit(1399490239.608:99): avc:  denied  { getattr } for  pid=25546 comm="httpd" path="/var/www/html/index.html" dev="sda2" ino=262846 scontext=system_u:system_r:httpd_t:s0 tcontext=unconfined_u:object_r:admin_home_t:s0 tclass=file
type=AVC msg=audit(1399490391.040:100): avc:  denied  { getattr } for  pid=25547 comm="httpd" path="/var/www/html/index.html" dev="sda2" ino=262846 scontext=system_u:system_r:httpd_t:s0 tcontext=unconfined_u:object_r:admin_home_t:s0 tclass=file
type=AVC msg=audit(1399490391.040:101): avc:  denied  { getattr } for  pid=25547 comm="httpd" path="/var/www/html/index.html" dev="sda2" ino=262846 scontext=system_u:system_r:httpd_t:s0 tcontext=unconfined_u:object_r:admin_home_t:s0 tclass=file
type=AVC msg=audit(1399491405.963:109): avc:  denied  { getattr } for  pid=25548 comm="httpd" path="/var/www/html/index.html" dev="sda2" ino=262846 scontext=system_u:system_r:httpd_t:s0 tcontext=unconfined_u:object_r:admin_home_t:s0 tclass=file
type=AVC msg=audit(1399491405.976:110): avc:  denied  { getattr } for  pid=25548 comm="httpd" path="/var/www/html/index.html" dev="sda2" ino=262846 scontext=system_u:system_r:httpd_t:s0 tcontext=unconfined_u:object_r:admin_home_t:s0 tclass=file
